09:51:49 Info: Listening on port 8080 
07:23:39 Info: Listening on port 8080 
07:28:09 Info: Listening on port 8080 
19:28:41 Info: Listening on port 8080 
23:25:58 Info: Listening on port 8080 
23:43:13 Info: [undefined] retrieved data 
23:43:14 Info: [undefined] saved data 
23:44:22 Info: [datorgalds] retrieved data 
23:44:57 Info: [datorgalds] retrieved data 
23:58:16 Info: [datorgalds] retrieved data 
00:06:54 Info: Listening on port 8080 
00:06:59 Info: Listening on port 8080 
00:07:12 Info: [datorgalds] retrieved data 
00:07:19 Info: [datorgalds] retrieved data 
00:08:00 Info: [datorgalds] retrieved data 
00:18:52 Info: [product] retrieved data 
00:18:53 Info: [product] saved data 
00:19:02 Info: [datorgalds] retrieved data 
00:19:19 Info: [producty] retrieved data 
00:19:24 Warning: Ratelimited 
00:19:25 Warning: Ratelimited 
00:19:25 Info: [producty] saved data 
00:20:03 Info: [asus rog strix] retrieved data 00:22:43 Info: [asus rog strix g17] retrieved data 
00:22:45 Info: [asus rog strix g17] saved data 
00:22:53 Info: Listening on port 8080 
00:22:58 Info: [asus rog strix g173rm] retrieved data 
00:22:59 Warning: Ratelimited 
00:23:00 Warning: Ratelimited 
00:23:00 Info: [asus rog strix g173rm] saved data 
00:23:05 Info: [asus rog strix g17rm] retrieved data 
00:23:05 Warning: Ratelimited 
00:23:06 Warning: Ratelimited 
00:23:06 Info: [asus rog strix g17rm] saved data 
00:23:14 Info: [samsung galaxy s23] retrieved data 
00:23:16 Info: [samsung galaxy s23] saved data 
00:28:13 Info: [monitors] retrieved data 
00:28:27 Info: [rokas pulkstenis] retrieved data 
00:28:29 Info: [rokas pulkstenis] saved data 
00:28:40 Info: [masina] retrieved data 
00:28:42 Info: [masina] saved data 
00:29:22 Info: [dators] retrieved data 
00:29:24 Info: [dators] saved data 
00:29:27 Info: [ram] retrieved data 
00:29:29 Info: [ram] saved data 
00:29:31 Info: [ddr5] retrieved data 
00:29:32 Info: [ddr5] saved data 
00:29:36 Info: [cpu] retrieved data 
00:29:37 Info: [cpu] saved data 
00:29:40 Info: [gpu] retrieved data 
00:29:41 Info: [gpu] saved data 
00:30:00 Info: [fortnite gramata] retrieved data 
00:30:00 Info: [fortnite gramata] saved data 
01:12:54 Info: [dators] retrieved data 
01:26:48 Info: [dators] retrieved data 
01:26:54 Info: [dators] retrieved data 
01:32:33 Info: [datorgalds] retrieved data 
01:33:45 Info: [datorgalds] retrieved data 
01:34:40 Info: [datorgalds] retrieved data 
01:34:52 Info: [datorgalds] retrieved data 
01:34:55 Info: [datorgalds] retrieved data 
01:38:30 Info: [dators] retrieved data 
01:38:50 Info: [dators] retrieved data 
01:41:31 Info: [datorgalds] retrieved data 
01:42:49 Info: [datorgalds] retrieved data 
01:43:06 Info: [datorgalds] retrieved data 
01:43:56 Info: [datorgalds] retrieved data 
01:44:29 Info: [datorgalds] retrieved data 
01:44:57 Info: [datorgalds] retrieved data 
01:45:09 Info: [datorgalds] retrieved data 
01:45:13 Info: [asus rog strix] retrieved data 
01:45:18 Info: [datorpele] retrieved data 
01:45:21 Info: [datorpele] saved data 
01:45:27 Info: [logitech g305] retrieved data 
01:47:25 Info: Listening on port 8080 
01:47:37 Info: [logitech g305] retrieved data 
01:47:39 Info: [logitech g305] saved data 
01:48:23 Info: [asus rog strix g17] retrieved data 
01:48:24 Info: [asus rog strix g17] saved data 
01:48:33 Info: [asus rog strix g17] retrieved data 
01:49:56 Info: [asus rog strix g17] retrieved data 
01:50:35 Info: [datorgalds] retrieved data 
01:50:36 Info: [datorgalds] saved data 
01:50:55 Info: [datorgalds] retrieved data 
01:52:20 Info: [logitech g305] retrieved data 
01:52:40 Info: [logitech g305] retrieved data 
01:52:44 Info: [datorgalds] retrieved data 
01:53:01 Info: [datorgalds] retrieved data 
01:54:34 Info: [datorgalds] retrieved data 
01:54:43 Info: [datorgalds] retrieved data 
01:55:18 Info: [datorgalds] retrieved data 
02:13:45 Info: [pvc truba 15cm ] retrieved data 
02:13:46 Warning: Ratelimited 
02:13:46 Warning: Ratelimited 
02:13:46 Info: [pvc truba 15cm ] saved data 
02:13:51 Info: [pvc truba] retrieved data 
02:13:52 Info: [pvc truba] saved data 
02:13:59 Info: [pvc trubu korķi] retrieved data 
02:13:59 Warning: Ratelimited 
02:14:00 Info: [pvc trubu korķi] saved data 
02:14:12 Info: [dārza lāpstiņa] retrieved data 
02:14:14 Info: [dārza lāpstiņa] saved data 
02:14:21 Info: [degdiegi] retrieved data 
02:14:22 Warning: Ratelimited 
02:14:22 Warning: Ratelimited 
02:14:22 Info: [degdiegi] saved data 
02:14:22 Info: [degdiegi] retrieved data 
02:14:26 Info: [urbis] retrieved data 
02:14:28 Info: [urbis] saved data 
02:15:29 Info: [datorgalds] retrieved data 
02:15:53 Info: [datorgalds] retrieved data 
02:16:10 Info: [datorgalds] retrieved data 
02:16:11 Info: [datorgalds] retrieved data 
02:16:14 Info: [datorgalds] retrieved data 
03:53:45 Info: [datorgalds] retrieved data 
03:54:36 Info: [datorgalds] retrieved data 
03:54:44 Info: [datorgalds] retrieved data 
03:55:29 Info: [datorgalds] retrieved data 
03:56:51 Info: [datorgalds] retrieved data 
03:57:30 Info: [datorgalds] retrieved data 
03:57:36 Info: [datorgalds] retrieved data 
03:57:40 Info: [datorgalds] retrieved data 
03:58:31 Info: [datorgalds] retrieved data 
03:58:35 Info: [logitech g305] retrieved data 
03:58:45 Info: [logitech g305] retrieved data 
03:58:49 Info: [logitech g305] retrieved data 
03:59:06 Info: [samsung galaxy s23] retrieved data 
03:59:07 Info: [samsung galaxy s23] saved data 
03:59:36 Info: [samsung galaxy s23] retrieved data 
03:59:56 Info: [asus rog strix g17] retrieved data 
04:01:26 Info: [asus rog strix g17] retrieved data 
04:01:36 Info: [asus rog strix g17] retrieved data 
04:01:38 Info: [asus rog strix g17] retrieved data 
04:02:18 Info: [datorgalds] retrieved data 
04:06:44 Info: [datorgalds] retrieved data 
04:06:51 Info: [datorgalds] retrieved data 
04:07:06 Info: [datorgalds] retrieved data 
04:07:12 Info: [datorgalds] retrieved data 
04:07:14 Info: [datorgalds] retrieved data 
04:07:24 Info: [datorgalds] retrieved data 
04:07:29 Info: [datorgalds] retrieved data 
04:07:48 Info: [datorgalds] retrieved data 
04:08:05 Info: [datorgalds] retrieved data 
04:08:25 Info: [datorgalds] retrieved data 
04:08:34 Info: [datorgalds] retrieved data 
04:09:17 Info: [datorgalds] retrieved data 
04:09:28 Info: [datorgalds] retrieved data 
04:09:34 Info: [datorgalds] retrieved data 
04:09:59 Info: [datorgalds] retrieved data 
04:10:23 Info: [datorgalds] retrieved data 
04:11:12 Info: [datorgalds] retrieved data 
04:11:13 Info: [datorgalds] retrieved data 
04:11:16 Info: [datorgalds] retrieved data 
04:11:32 Info: [datorgalds] retrieved data 
04:12:02 Info: [datorgalds] retrieved data 
04:12:05 Info: [datorgalds] retrieved data 
04:12:10 Info: [datorgalds] retrieved data 
04:12:17 Info: [datorgalds] retrieved data 
04:14:15 Info: [datorgalds] retrieved data 
04:15:28 Info: [datorgalds] retrieved data 
04:16:00 Info: [datorgalds] retrieved data 
04:16:11 Info: [datorgalds] retrieved data 
04:16:21 Info: [datorgalds] retrieved data 
04:16:29 Info: [datorgalds] retrieved data 
04:16:36 Info: [datorgalds] retrieved data 
04:16:52 Info: [fortnite] retrieved data 
04:16:54 Info: [fortnite] saved data 
04:23:06 Info: [logitech g305] retrieved data 
04:29:07 Info: [logitech g305] retrieved data 
04:35:11 Info: [fortnite] retrieved data 
04:35:18 Info: [fortnite] retrieved data 
04:46:14 Info: [logitech g305] retrieved data 
